git config --global user.name "Anarchist187"
git config --global user.email "mxsblnnn@gmail.com"
git config --global init.defaultBranch main
apt update
Hit:1 http://ru.archive.ubuntu.com/ubuntu noble InRelease
Get:2 http://security.ubuntu.com/ubuntu noble-security InRelease [126 kB]
Get:3 http://ru.archive.ubuntu.com/ubuntu noble-updates InRelease [126 kB]
Get:4 http://ru.archive.ubuntu.com/ubuntu noble-backports InRelease [126 kB]
Get:5 http://ru.archive.ubuntu.com/ubuntu noble-updates/main amd64 Packages [919 kB]
Get:6 http://ru.archive.ubuntu.com/ubuntu noble-updates/main amd64 Components [151 kB]
Get:7 http://ru.archive.ubuntu.com/ubuntu noble-updates/restricted amd64 Components [212 B]
Get:8 http://ru.archive.ubuntu.com/ubuntu noble-updates/universe amd64 Packages [1,037 kB]
Get:9 http://ru.archive.ubuntu.com/ubuntu noble-updates/universe amd64 Components [364 kB]
Get:10 http://security.ubuntu.com/ubuntu noble-security/main amd64 Components [9,028 B]
Get:11 http://ru.archive.ubuntu.com/ubuntu noble-updates/multiverse amd64 Components [940 B]
Get:12 http://ru.archive.ubuntu.com/ubuntu noble-backports/main amd64 Components [208 B]
Get:13 http://ru.archive.ubuntu.com/ubuntu noble-backports/restricted amd64 Components [216 B]
Get:14 http://ru.archive.ubuntu.com/ubuntu noble-backports/universe amd64 Components [20.0 kB]
Get:15 http://ru.archive.ubuntu.com/ubuntu noble-backports/multiverse amd64 Components [212 B]
Get:16 http://security.ubuntu.com/ubuntu noble-security/restricted amd64 Components [212 B]
Get:17 http://security.ubuntu.com/ubuntu noble-security/universe amd64 Components [52.0 kB]
Get:18 http://security.ubuntu.com/ubuntu noble-security/multiverse amd64 Components [208 B]
Fetched 2,932 kB in 1s (2,765 kB/s) 
Reading package lists... Done
Building dependency tree... Done
Reading state information... Done
7 packages can be upgraded. Run 'apt list --upgradable' to see them.
root@eltex-practice2-pg1-v17:/home# apt install git gh
Reading package lists... Done
Building dependency tree... Done
Reading state information... Done
git is already the newest version (1:2.43.0-1ubuntu7.2).
git set to manually installed.
The following NEW packages will be installed:
  gh
0 upgraded, 1 newly installed, 0 to remove and 7 not upgraded.
Need to get 8,826 kB of archives.
After this operation, 45.4 MB of additional disk space will be used.
Do you want to continue? [Y/n] y
Get:1 http://ru.archive.ubuntu.com/ubuntu noble-updates/universe amd64 gh amd64 2.45.0-1ubuntu0.2 [8,826 kB]
Fetched 8,826 kB in 1s (10.4 MB/s)
Selecting previously unselected package gh.
(Reading database ... 86720 files and directories currently installed.)
Preparing to unpack .../gh_2.45.0-1ubuntu0.2_amd64.deb ...
Unpacking gh (2.45.0-1ubuntu0.2) ...
Setting up gh (2.45.0-1ubuntu0.2) ...
Processing triggers for man-db (2.12.0-4build2) ...
Scanning processes...                                                           
Scanning linux images...                                                        

Running kernel seems to be up-to-date.

No services need to be restarted.

No containers need to be restarted.

No user sessions are running outdated binaries.

No VM guests are running outdated hypervisor (qemu) binaries on this host.



ssh-keygen -t ed25519 -f ~/.ssh/Anarchist187
Generating public/private ed25519 key pair.
Enter passphrase (empty for no passphrase): 
Enter same passphrase again: 
Your identification has been saved in /root/.ssh/Anarchist187
Your public key has been saved in /root/.ssh/Anarchist187.pub
The key fingerprint is:
SHA256:nKYep22dGfBAb4jRq/ILAhDN43/2VbWtcCa1SARB5BU root@eltex-practice2-pg1-v17
The key's randomart image is:
+--[ED25519 256]--+
|.o     . o=+E.   |
| .+   . o. .. o  |
|.. .   + +.. + + |
|. .   ..=.o = = .|
|.  .   .S= . = . |
| .  o +o  +   .  |
|  . .=o..o +     |
|   . o.=o +      |
|      +o.        |
+----[SHA256]-----+
gh auth login -h github.com
? What is your preferred protocol for Git operations on this host? SSH
? Upload your SSH public key to your GitHub account? /root/.ssh/Anarchist187.pub
? Title for your SSH key: eltex-practice2-pg1-v17
? How would you like to authenticate GitHub CLI? Login with a web browser

! First copy your one-time code: 77F2-5767
Press Enter to open github.com in your browser... 
! Failed opening a web browser at https://github.com/login/device
  exec: "xdg-open,x-www-browser,www-browser,wslview": executable file not found in $PATH
  Please try entering the URL in your browser manually
✓ Authentication complete.
- gh config set -h github.com git_protocol ssh
✓ Configured git protocol
! Authentication credentials saved in plain text
✓ Uploaded the SSH key to your GitHub account: /root/.ssh/Anarchist187.pub
✓ Logged in as Anarchist187


gh auth setup-git --hostname github.com

gh auth status 
github.com
  ✓ Logged in to github.com account Anarchist187 (/root/.config/gh/hosts.yml)
  - Active account: true
  - Git operations protocol: ssh
  - Token: gho_************************************
  - Token scopes: 'admin:public_key', 'gist', 'read:org', 'repo'

gh repo create --public eltex_practice
✓ Created repository Anarchist187/eltex_practice on GitHub
  https://github.com/Anarchist187/eltex_practice

echo "#практики eltex" >> README.md

git init
Initialized empty Git repository in /root/eltex_practice/.git/
git add README.md

git commit -m "first commit"
[main (root-commit) f299f11] first commit
 1 file changed, 1 insertion(+)
 create mode 100644 README.md
git branch -M main

git remote add origin https://github.com/Anarchist187/eltex_practice.git
root@eltex-practice2-pg1-v17:~/eltex_practice# git status
On branch main
nothing to commit, working tree clean
root@eltex-practice2-pg1-v17:~/eltex_practice# git push -u origin main
Enumerating objects: 3, done.
Counting objects: 100% (3/3), done.
Writing objects: 100% (3/3), 237 bytes | 237.00 KiB/s, done.
Total 3 (delta 0), reused 0 (delta 0), pack-reused 0
To https://github.com/Anarchist187/eltex_practice.git
 * [new branch]      main -> main
branch 'main' set up to track 'origin/main'.

root@eltex-practice2-pg1-v17:~/eltex_practice_clone/eltex_practice# git fetch 
root@eltex-practice2-pg1-v17:~/eltex_practice_clone/eltex_practice# git log origin/main 
#commit ce60a27849274693596dbc7fbb2f759a114b6bf6 (HEAD -> main, origin/main, origin/HEAD)
#Author: anarchist <anarchist@vbox.myguest.virtualbox.org>
#Date:   Mon Apr 7 14:49:44 2025 +0700
#
#    done
#
#commit 9cfde9498e9c2535683728c2fb93fb6b497c7206
#Author: anarchist <anarchist@vbox.myguest.virtualbox.org>
#Date:   Mon Apr 7 14:44:43 2025 +0700
#
#    done
#
#commit 28389f6638cc1a7ed40089dd25c0c7a81d86f67b
#Author: anarchist <anarchist@vbox.myguest.virtualbox.org>
#Date:   Sun Apr 6 17:15:29 2025 +0700
#
#    .
#
#commit e2c5ac86b973806af63dcc3701dc6a6c3473d1a7
#Author: anarchist <anarchist@vbox.myguest.virtualbox.org>
#Date:   Sun Apr 6 17:12:01 2025 +0700
#
#    done
#
#commit 6b3dca53ff2c97e3efa0fe1a4a71fbe2445fadc5
#Author: anarchist <anarchist@vbox.myguest.virtualbox.org>
#Date:   Thu Apr 3 13:16:36 2025 +0700
#
#    .
#
#commit ff7312843c7fd46c055d15121fa78b78320c777a
#Author: anarchist <anarchist@vbox.myguest.virtualbox.org>
#Date:   Thu Apr 3 13:06:12 2025 +0700
#
#    \
#    .
#
#commit 021d437a31fe22e05501128c31e611b224d4869e
#Author: anarchist <anarchist@vbox.myguest.virtualbox.org>
#Date:   Sun Mar 30 17:11:27 2025 +0700
#
#    module2
#
#commit 4bb99ceaece6fa86452451bbaf6a7c6d1c928615
#Author: Anarchist187 <mxsblnnn@gmail.com>
#Date:   Fri Mar 21 05:36:44 2025 +0000
#
#    unarchieve in /root
#
#commit a4cab031f06acd309fe3d0c41329519ab1692d13
#Author: Anarchist187 <mxsblnnn@gmail.com>
#Date:   Wed Mar 19 15:00:08 2025 +0000
#
#    .
#
#commit 32ee3d453d529ba2737a9776f8a8af1ed41c4f21
#Author: Anarchist187 <mxsblnnn@gmail.com>
#Date:   Mon Mar 17 06:09:12 2025 +0000
#
#    practice1
#
#commit adb5aa5871fd622acc68027c69ff9758a67ac5f1
#Author: Anarchist187 <mxsblnnn@gmail.com>
#Date:   Sun Mar 16 11:13:24 2025 +0000
#
#    Praktika2
#
#commit f299f11782178f26291258fde171c4958adaf240
#Author: Anarchist187 <mxsblnnn@gmail.com>
#Date:   Sun Mar 16 10:48:43 2025 +0000
#
#    first commit
#
#
root@eltex-practice2-pg1-v17:~/eltex_practice# mkdir -p module1/task1
root@eltex-practice2-pg1-v17:~/eltex_practice# mkdir module1/task2
root@eltex-practice2-pg1-v17:~/eltex_practice# mkdir module1/task3
