eltex-pg1-v17@eltex:~$ ls
#ls           lsb_release  lsinitramfs  lslocks      lsmod        lspci
#lsattr       lscpu        lsipc        lslogins     lsns         lsusb
#lsblk        lsfd         lsirq        lsmem        lsof         

eltex-pg1-v17@eltex:~$ compgen -v HIST
#HISTCMD
#HISTCONTROL
#HISTFILE
#HISTFILESIZE
#HISTSIZE

eltex-pg1-v17@eltex:~$ echo $HISTFILESIZE
#2000

eltex-pg1-v17@eltex:~$ find / -name '.*' 2>/dev/null |more
/usr/share/dictionaries-common/site-elisp/.nosearch
/sys/kernel/security/apparmor/.null
/sys/kernel/security/apparmor/.remove
/sys/kernel/security/apparmor/.replace
/sys/kernel/security/apparmor/.load
/sys/kernel/security/apparmor/.ns_name
/sys/kernel/security/apparmor/.ns_level
/sys/kernel/security/apparmor/.ns_stacked
/sys/kernel/security/apparmor/.stacked
/sys/kernel/security/apparmor/.access
/sys/kernel/security/tomoyo/.process_status
/sys/module/efi_pstore/notes/.note.Linux
/sys/module/efi_pstore/notes/.note.gnu.build-id
/sys/module/efi_pstore/sections/.orc_unwind
/sys/module/efi_pstore/sections/.note.Linux
/sys/module/efi_pstore/sections/.strtab
/sys/module/efi_pstore/sections/.exit.text
/sys/module/efi_pstore/sections/.exit.data
/sys/module/efi_pstore/sections/.bss
/sys/module/efi_pstore/sections/.orc_unwind_ip
/sys/module/efi_pstore/sections/.return_sites
/sys/module/efi_pstore/sections/.gnu.linkonce.this_module
/sys/module/efi_pstore/sections/.symtab

eltex-pg1-v17@eltex:~$ export HISTTIMEFORMAT='%F %T'

eltex-pg1-v17@eltex:~$ export DATE=`date +%d/%m/%Y`
eltex-pg1-v17@eltex:~$ echo $DATE
#17/03/2025

eltex-pg1-v17@eltex:~$ export TIME=`date +%H:%M`
eltex-pg1-v17@eltex:~$ echo $TIME
#12:19

eltex-pg1-v17@eltex:~$ export DATE_TIME=$DATE" "$TIME
eltex-pg1-v17@eltex:~$ echo $DATE_TIME 
#17/03/2025 12:19

eltex-pg1-v17@eltex:~$ find /bin/ /sbin/ -name '*[0-9]*'
/bin/ping4
/bin/pod2html
/bin/python3.11
/bin/ssh-argv0
/bin/c99-gcc
/bin/x86_64-linux-gnu-gcc-ar-12
/bin/base64
/bin/gcov-dump-12
/bin/x86_64-linux-gnu-gcc-ranlib-12
/bin/enc2xs
/bin/x86_64-linux-gnu-gcc
/bin/gcov-tool-12
/bin/x86_64-linux-gnu-gcov-12
/bin/pod2usage
/bin/x86_64-linux-gnu-lto-dump
/bin/x86_64
/bin/x86_64-linux-gnu-objdump
/bin/addr2line
/bin/sha224sum
/bin/py3versions
/bin/linux32
/bin/x86_64-linux-gnu-objcopy
/bin/bzip2
/bin/pdb3
/bin/gcc-12
/bin/x86_64-linux-gnu-readelf
/bin/x86_64-linux-gnu-gcov-dump
/bin/x86_64-linux-gnu-ar
/bin/grub-mkpasswd-pbkdf2
/bin/x86_64-linux-gnu-gcov-tool
/bin/traceroute6.db
/bin/md5sum
/bin/bzip2recover
/bin/grub-menulst2cfg
/bin/x86_64-linux-gnu-cpp-12
/bin/x86_64-linux-gnu-size
/bin/x86_64-linux-gnu-gprofng
/bin/x86_64-linux-gnu-ld
/bin/x86_64-linux-gnu-gprof
/bin/h2xs
/bin/x86_64-linux-gnu-gcc-ranlib
/bin/x86_64-linux-gnu-ranlib
/bin/x86_64-linux-gnu-ld.gold
/bin/x86_64-linux-gnu-as
/bin/x86_64-linux-gnu-gold
/bin/pod2text
/bin/pydoc3
/bin/x86_64-linux-gnu-nm
/bin/x86_64-linux-gnu-elfedit
/bin/x86_64-linux-gnu-strip
/bin/x86_64-linux-gnu-gcc-nm-12
/bin/perl5.36.0
/bin/x86_64-linux-gnu-ld.bfd
/bin/pydoc3.11
/bin/x86_64-linux-gnu-gcov-tool-12
/bin/b2sum
/bin/c89
/bin/lto-dump-12
/bin/x86_64-linux-gnu-cpp
/bin/x86_64-linux-gnu-lto-dump-12
/bin/pod2man
/bin/sha1sum
/bin/c89-gcc
/bin/x86_64-linux-gnu-gcc-nm
/bin/pl2pm
/bin/ping6
/bin/h2ph
/bin/x86_64-linux-gnu-c++filt
/bin/x86_64-linux-gnu-gcc-ar
/bin/sha512sum
/bin/python3
/bin/x86_64-linux-gnu-gcc-12
/bin/gcc-ranlib-12
/bin/x86_64-linux-gnu-gp-display-src
/bin/base32
/bin/pygettext3
/bin/x86_64-linux-gnu-gp-collect-app
/bin/x86_64-linux-gnu-gcov
/bin/cpan5.36-x86_64-linux-gnu
/bin/md5sum.textutils
/bin/x86_64-linux-gnu-gp-archive
/bin/sha384sum
/bin/py3clean
/bin/x86_64-linux-gnu-gcov-dump-12
/bin/pdb3.11
/bin/perl5.36-x86_64-linux-gnu
/bin/c99
/bin/x86_64-linux-gnu-strings
/bin/linux64
/bin/x86_64-linux-gnu-gp-display-html
/bin/pygettext3.11
/bin/systemd-id128
/bin/x86_64-linux-gnu-dwp
/bin/gcov-12
/bin/i386
/bin/bunzip2
/bin/cpp-12
/bin/x86_64-linux-gnu-gp-display-text
/bin/x86_64-linux-gnu-addr2line
/bin/py3compile
/bin/grub-syslinux2cfg
/bin/traceroute6
/bin/diff3
/bin/gcc-nm-12
/bin/gcc-ar-12
/bin/sha256sum
/sbin/dumpe2fs
/sbin/e2fsck
/sbin/mkfs.ext3
/sbin/e2freefrag
/sbin/e2undo
/sbin/e2scrub_all
/sbin/tune2fs
/sbin/e2image
/sbin/e2label
/sbin/e4defrag
/sbin/e2mmpstatus
/sbin/mke2fs
/sbin/mkfs.ext4
/sbin/mkfs.ext2
/sbin/e4crypt
/sbin/killall5
/sbin/fsck.ext3
/sbin/fsck.ext2
/sbin/e2scrub
/sbin/resize2fs
/sbin/fsck.ext4
/sbin/update-grub2

eltex-pg1-v17@eltex:~$ PS1="\u@\H-\A\$"
eltex-pg1-v17@eltex-12:25$

eltex-pg1-v17@eltex:~/mydirectory$ mkdir $(date +%Y-%m).{1..12}
eltex-pg1-v17@eltex:~/mydirectory$ ls
#1.txt      2025-03.10  2025-03.12  2025-03.3  2025-03.5  2025-03.7  2025-03.9
#2025-03.1  2025-03.11  2025-03.2   2025-03.4  2025-03.6  2025-03.8

